app/build/intermediates/manifest_merge_blame_file/release/manifest-merger-blame-release-report.txt
1<?xml version="1.0" encoding="utf-8"?>
2<manifest xmlns:android="http://schemas.android.com/apk/res/android"
3    package="droid.word"
4    android:versionCode="20"
5    android:versionName="2.0.0" >
6
7    <uses-sdk
7-->src\main\AndroidManifest.xml:7:5-44
8        android:minSdkVersion="29"
8-->src\main\AndroidManifest.xml:7:15-41
9        android:targetSdkVersion="29" />
9-->src\main\AndroidManifest.xml:7:5-44
10
11    <uses-permission android:name="android.permission.INTERNET" />
11-->src\main\AndroidManifest.xml:24:5-66
11-->src\main\AndroidManifest.xml:24:22-64
12    <uses-permission android:name="android.permission.ACCESS_NETWORK_STATE" />
12-->src\main\AndroidManifest.xml:25:2-75
12-->src\main\AndroidManifest.xml:25:19-73
13
14    <application
14-->src\main\AndroidManifest.xml:9:5-23:19
15        android:extractNativeLibs="false"
16        android:icon="@drawable/word"
16-->src\main\AndroidManifest.xml:10:9-38
17        android:label="@string/app_name" >
17-->src\main\AndroidManifest.xml:11:9-41
18        <meta-data
18-->src\main\AndroidManifest.xml:12:5-117
19            android:name="com.google.android.gms.version"
19-->src\main\AndroidManifest.xml:12:16-61
20            android:value="@integer/google_play_services_version" />
20-->src\main\AndroidManifest.xml:12:62-115
21
22        <activity
22-->src\main\AndroidManifest.xml:13:9-21:20
23            android:name="droid.word.WordActivity"
23-->src\main\AndroidManifest.xml:14:13-41
24            android:label="@string/app_name" >
24-->src\main\AndroidManifest.xml:15:13-45
25            <intent-filter>
25-->src\main\AndroidManifest.xml:16:13-20:29
26                <action android:name="android.intent.action.MAIN" />
26-->src\main\AndroidManifest.xml:17:17-69
26-->src\main\AndroidManifest.xml:17:25-66
27
28                <category android:name="android.intent.category.LAUNCHER" />
28-->src\main\AndroidManifest.xml:19:17-77
28-->src\main\AndroidManifest.xml:19:27-74
29            </intent-filter>
30        </activity>
31        <activity
31-->src\main\AndroidManifest.xml:22:10-184
32            android:name="com.google.android.gms.ads.AdActivity"
32-->src\main\AndroidManifest.xml:22:20-72
33            android:configChanges="keyboard|keyboardHidden|orientation|screenLayout|uiMode|screenSize|smallestScreenSize"
33-->src\main\AndroidManifest.xml:22:73-182
34            android:exported="false"
34-->[com.google.android.gms:play-services-ads-lite:15.0.0] AndroidManifest.xml:32:13-37
35            android:theme="@android:style/Theme.Translucent" />
35-->[com.google.android.gms:play-services-ads-lite:15.0.0] AndroidManifest.xml:33:13-61
36
37        <meta-data
37-->[com.android.support:customtabs:26.1.0] AndroidManifest.xml:23:9-25:38
38            android:name="android.support.VERSION"
38-->[com.android.support:customtabs:26.1.0] AndroidManifest.xml:24:13-51
39            android:value="26.1.0" />
39-->[com.android.support:customtabs:26.1.0] AndroidManifest.xml:25:13-35
40        <meta-data
40-->[android.arch.lifecycle:runtime:1.0.0] AndroidManifest.xml:25:9-27:47
41            android:name="android.arch.lifecycle.VERSION"
41-->[android.arch.lifecycle:runtime:1.0.0] AndroidManifest.xml:26:13-58
42            android:value="27.0.0-SNAPSHOT" />
42-->[android.arch.lifecycle:runtime:1.0.0] AndroidManifest.xml:27:13-44
43    </application>
44
45</manifest>